2021-11-02 13:23:57,748 - transformers.models.auto.tokenization_auto - INFO - Could not locate the tokenizer configuration file, will try to use the model config instead.
2021-11-02 13:23:58,291 - transformers.configuration_utils - INFO - loading configuration file https://huggingface.co/allenai/longformer-base-4096/resolve/main/config.json from cache at /home/s4996755/.cache/huggingface/transformers/0690955d8f70934f95adf0fb108d5f7322d02f8d7dd938b7b133cb7421e120e6.b25f41ff6acdcb7ab47c505c70e351b3fc01957b3798197e5ac6e8efc547ac99
2021-11-02 13:23:58,338 - transformers.configuration_utils - INFO - Model config LongformerConfig {
  "attention_mode": "longformer",
  "attention_probs_dropout_prob": 0.1,
  "attention_window": [
    512,
    512,
    512,
    512,
    512,
    512,
    512,
    512,
    512,
    512,
    512,
    512
  ],
  "bos_token_id": 0,
  "classifier_dropout": null,
  "eos_token_id": 2,
  "gradient_checkpointing": false,
  "hidden_act": "gelu",
  "hidden_dropout_prob": 0.1,
  "hidden_size": 768,
  "ignore_attention_mask": false,
  "initializer_range": 0.02,
  "intermediate_size": 3072,
  "layer_norm_eps": 1e-05,
  "max_position_embeddings": 4098,
  "model_type": "longformer",
  "num_attention_heads": 12,
  "num_hidden_layers": 12,
  "pad_token_id": 1,
  "position_embedding_type": "absolute",
  "sep_token_id": 2,
  "transformers_version": "4.11.3",
  "type_vocab_size": 1,
  "use_cache": true,
  "vocab_size": 50265
}

2021-11-02 13:24:01,496 - transformers.tokenization_utils_base - INFO - loading file https://huggingface.co/allenai/longformer-base-4096/resolve/main/vocab.json from cache at /home/s4996755/.cache/huggingface/transformers/859f4633944e1b7e7fa301e72161388cd5903e36385d0ef2917256506bff64c3.d67d6b367eb24ab43b08ad55e014cf254076934f71d832bbab9ad35644a375ab
2021-11-02 13:24:01,497 - transformers.tokenization_utils_base - INFO - loading file https://huggingface.co/allenai/longformer-base-4096/resolve/main/merges.txt from cache at /home/s4996755/.cache/huggingface/transformers/af6fcabe2bf8cab6f77b20d94ba46a3dbf441ca0549e1f3c852c437b612f5224.5d12962c5ee615a4c803841266e9c3be9a691a924f72d395d3a6c6c81157788b
2021-11-02 13:24:01,497 - transformers.tokenization_utils_base - INFO - loading file https://huggingface.co/allenai/longformer-base-4096/resolve/main/tokenizer.json from cache at /home/s4996755/.cache/huggingface/transformers/93ab433997eab2709f7adf8fa46f21d4699497bf20768f3ffd25e2e73b9b93c2.fc9576039592f026ad76a1c231b89aee8668488c671dfbe6616bab2ed298d730
2021-11-02 13:24:01,497 - transformers.tokenization_utils_base - INFO - loading file https://huggingface.co/allenai/longformer-base-4096/resolve/main/added_tokens.json from cache at None
2021-11-02 13:24:01,497 - transformers.tokenization_utils_base - INFO - loading file https://huggingface.co/allenai/longformer-base-4096/resolve/main/special_tokens_map.json from cache at None
2021-11-02 13:24:01,497 - transformers.tokenization_utils_base - INFO - loading file https://huggingface.co/allenai/longformer-base-4096/resolve/main/tokenizer_config.json from cache at None
2021-11-02 13:24:01,882 - transformers.configuration_utils - INFO - loading configuration file https://huggingface.co/allenai/longformer-base-4096/resolve/main/config.json from cache at /home/s4996755/.cache/huggingface/transformers/0690955d8f70934f95adf0fb108d5f7322d02f8d7dd938b7b133cb7421e120e6.b25f41ff6acdcb7ab47c505c70e351b3fc01957b3798197e5ac6e8efc547ac99
2021-11-02 13:24:01,883 - transformers.configuration_utils - INFO - Model config LongformerConfig {
  "attention_mode": "longformer",
  "attention_probs_dropout_prob": 0.1,
  "attention_window": [
    512,
    512,
    512,
    512,
    512,
    512,
    512,
    512,
    512,
    512,
    512,
    512
  ],
  "bos_token_id": 0,
  "classifier_dropout": null,
  "eos_token_id": 2,
  "gradient_checkpointing": false,
  "hidden_act": "gelu",
  "hidden_dropout_prob": 0.1,
  "hidden_size": 768,
  "ignore_attention_mask": false,
  "initializer_range": 0.02,
  "intermediate_size": 3072,
  "layer_norm_eps": 1e-05,
  "max_position_embeddings": 4098,
  "model_type": "longformer",
  "num_attention_heads": 12,
  "num_hidden_layers": 12,
  "pad_token_id": 1,
  "position_embedding_type": "absolute",
  "sep_token_id": 2,
  "transformers_version": "4.11.3",
  "type_vocab_size": 1,
  "use_cache": true,
  "vocab_size": 50265
}

2021-11-02 13:24:02,889 - transformers.configuration_utils - INFO - loading configuration file https://huggingface.co/allenai/longformer-base-4096/resolve/main/config.json from cache at /home/s4996755/.cache/huggingface/transformers/0690955d8f70934f95adf0fb108d5f7322d02f8d7dd938b7b133cb7421e120e6.b25f41ff6acdcb7ab47c505c70e351b3fc01957b3798197e5ac6e8efc547ac99
2021-11-02 13:24:02,890 - transformers.configuration_utils - INFO - Model config LongformerConfig {
  "attention_mode": "longformer",
  "attention_probs_dropout_prob": 0.1,
  "attention_window": [
    512,
    512,
    512,
    512,
    512,
    512,
    512,
    512,
    512,
    512,
    512,
    512
  ],
  "bos_token_id": 0,
  "classifier_dropout": null,
  "eos_token_id": 2,
  "gradient_checkpointing": false,
  "hidden_act": "gelu",
  "hidden_dropout_prob": 0.1,
  "hidden_size": 768,
  "ignore_attention_mask": false,
  "initializer_range": 0.02,
  "intermediate_size": 3072,
  "layer_norm_eps": 1e-05,
  "max_position_embeddings": 4098,
  "model_type": "longformer",
  "num_attention_heads": 12,
  "num_hidden_layers": 12,
  "pad_token_id": 1,
  "position_embedding_type": "absolute",
  "sep_token_id": 2,
  "transformers_version": "4.11.3",
  "type_vocab_size": 1,
  "use_cache": true,
  "vocab_size": 50265
}

2021-11-02 13:24:04,911 - transformers.modeling_tf_utils - INFO - loading weights file https://huggingface.co/allenai/longformer-base-4096/resolve/main/tf_model.h5 from cache at /home/s4996755/.cache/huggingface/transformers/259797cae83a24562b1600a461be070b7a56b6cdcf3e338d939e1fc966aec7e0.3f9cb4baa9f17a6fa7e4944571718cc348caa8091855b25a8ad60253854c1aa0.h5
2021-11-02 13:24:05,651 - transformers.models.longformer.modeling_tf_longformer - INFO - Input ids are automatically padded from 5 to 512 to be a multiple of `config.attention_window`: 512
2021-11-02 13:24:18,458 - transformers.models.longformer.modeling_tf_longformer - INFO - Input ids are automatically padded from 5 to 512 to be a multiple of `config.attention_window`: 512
2021-11-02 13:24:19,120 - transformers.modeling_tf_utils - WARNING - Some layers from the model checkpoint at allenai/longformer-base-4096 were not used when initializing TFLongformerForSequenceClassification: ['lm_head']
- This IS expected if you are initializing TFLongformerForSequenceClassification from the checkpoint of a model trained on another task or with another architecture (e.g. initializing a BertForSequenceClassification model from a BertForPreTraining model).
- This IS NOT expected if you are initializing TFLongformerForSequenceClassification from the checkpoint of a model that you expect to be exactly identical (initializing a BertForSequenceClassification model from a BertForSequenceClassification model).
2021-11-02 13:24:19,120 - transformers.modeling_tf_utils - WARNING - Some layers of TFLongformerForSequenceClassification were not initialized from the model checkpoint at allenai/longformer-base-4096 and are newly initialized: ['classifier']
You should probably TRAIN this model on a down-stream task to be able to use it for predictions and inference.
2021-11-02 13:25:23,793 - transformers.models.longformer.modeling_tf_longformer - INFO - Initializing global attention on CLS token...
2021-11-02 13:25:50,819 - transformers.models.longformer.modeling_tf_longformer - INFO - Initializing global attention on CLS token...
2021-11-02 14:59:11,884 - transformers.models.longformer.modeling_tf_longformer - INFO - Initializing global attention on CLS token...
2021-11-02 19:46:11,652 - transformers.configuration_utils - INFO - Configuration saved in ../Saved_Models/LONG_1024_5e-05_10_3_8_custom_Adam_resample_1234/config.json
2021-11-02 19:46:15,363 - transformers.modeling_tf_utils - INFO - Model weights saved in ../Saved_Models/LONG_1024_5e-05_10_3_8_custom_Adam_resample_1234/tf_model.h5
2021-11-02 19:47:54,727 - transformers.configuration_utils - INFO - loading configuration file https://huggingface.co/bert-base-uncased/resolve/main/config.json from cache at /home/s4996755/.cache/huggingface/transformers/3c61d016573b14f7f008c02c4e51a366c67ab274726fe2910691e2a761acf43e.37395cee442ab11005bcd270f3c34464dc1704b715b5d7d52b1a461abe3b9e4e
2021-11-02 19:47:54,730 - transformers.configuration_utils - INFO - Model config BertConfig {
  "architectures": [
    "BertForMaskedLM"
  ],
  "attention_probs_dropout_prob": 0.1,
  "classifier_dropout": null,
  "gradient_checkpointing": false,
  "hidden_act": "gelu",
  "hidden_dropout_prob": 0.1,
  "hidden_size": 768,
  "initializer_range": 0.02,
  "intermediate_size": 3072,
  "layer_norm_eps": 1e-12,
  "max_position_embeddings": 512,
  "model_type": "bert",
  "num_attention_heads": 12,
  "num_hidden_layers": 12,
  "pad_token_id": 0,
  "position_embedding_type": "absolute",
  "transformers_version": "4.11.3",
  "type_vocab_size": 2,
  "use_cache": true,
  "vocab_size": 30522
}

2021-11-02 19:47:57,069 - transformers.tokenization_utils_base - INFO - loading file https://huggingface.co/bert-base-uncased/resolve/main/vocab.txt from cache at /home/s4996755/.cache/huggingface/transformers/45c3f7a79a80e1cf0a489e5c62b43f173c15db47864303a55d623bb3c96f72a5.d789d64ebfe299b0e416afc4a169632f903f693095b4629a7ea271d5a0cf2c99
2021-11-02 19:47:57,069 - transformers.tokenization_utils_base - INFO - loading file https://huggingface.co/bert-base-uncased/resolve/main/tokenizer.json from cache at /home/s4996755/.cache/huggingface/transformers/534479488c54aeaf9c3406f647aa2ec13648c06771ffe269edabebd4c412da1d.7f2721073f19841be16f41b0a70b600ca6b880c8f3df6f3535cbc704371bdfa4
2021-11-02 19:47:57,069 - transformers.tokenization_utils_base - INFO - loading file https://huggingface.co/bert-base-uncased/resolve/main/added_tokens.json from cache at None
2021-11-02 19:47:57,069 - transformers.tokenization_utils_base - INFO - loading file https://huggingface.co/bert-base-uncased/resolve/main/special_tokens_map.json from cache at None
2021-11-02 19:47:57,069 - transformers.tokenization_utils_base - INFO - loading file https://huggingface.co/bert-base-uncased/resolve/main/tokenizer_config.json from cache at /home/s4996755/.cache/huggingface/transformers/c1d7f0a763fb63861cc08553866f1fc3e5a6f4f07621be277452d26d71303b7e.20430bd8e10ef77a7d2977accefe796051e01bc2fc4aa146bc862997a1a15e79
2021-11-02 19:47:57,450 - transformers.configuration_utils - INFO - loading configuration file https://huggingface.co/bert-base-uncased/resolve/main/config.json from cache at /home/s4996755/.cache/huggingface/transformers/3c61d016573b14f7f008c02c4e51a366c67ab274726fe2910691e2a761acf43e.37395cee442ab11005bcd270f3c34464dc1704b715b5d7d52b1a461abe3b9e4e
2021-11-02 19:47:57,451 - transformers.configuration_utils - INFO - Model config BertConfig {
  "architectures": [
    "BertForMaskedLM"
  ],
  "attention_probs_dropout_prob": 0.1,
  "classifier_dropout": null,
  "gradient_checkpointing": false,
  "hidden_act": "gelu",
  "hidden_dropout_prob": 0.1,
  "hidden_size": 768,
  "initializer_range": 0.02,
  "intermediate_size": 3072,
  "layer_norm_eps": 1e-12,
  "max_position_embeddings": 512,
  "model_type": "bert",
  "num_attention_heads": 12,
  "num_hidden_layers": 12,
  "pad_token_id": 0,
  "position_embedding_type": "absolute",
  "transformers_version": "4.11.3",
  "type_vocab_size": 2,
  "use_cache": true,
  "vocab_size": 30522
}

2021-11-02 19:48:00,158 - transformers.configuration_utils - INFO - loading configuration file ../Saved_Models/LONG_1024_5e-05_10_3_8_custom_Adam_resample_1234/config.json
2021-11-02 19:48:00,286 - transformers.configuration_utils - INFO - Model config LongformerConfig {
  "_name_or_path": "allenai/longformer-base-4096",
  "architectures": [
    "LongformerForSequenceClassification"
  ],
  "attention_mode": "longformer",
  "attention_probs_dropout_prob": 0.1,
  "attention_window": [
    512,
    512,
    512,
    512,
    512,
    512,
    512,
    512,
    512,
    512,
    512,
    512
  ],
  "bos_token_id": 0,
  "classifier_dropout": null,
  "eos_token_id": 2,
  "gradient_checkpointing": false,
  "hidden_act": "gelu",
  "hidden_dropout_prob": 0.1,
  "hidden_size": 768,
  "ignore_attention_mask": false,
  "initializer_range": 0.02,
  "intermediate_size": 3072,
  "layer_norm_eps": 1e-05,
  "max_position_embeddings": 4098,
  "model_type": "longformer",
  "num_attention_heads": 12,
  "num_hidden_layers": 12,
  "pad_token_id": 1,
  "position_embedding_type": "absolute",
  "sep_token_id": 2,
  "transformers_version": "4.11.3",
  "type_vocab_size": 1,
  "use_cache": true,
  "vocab_size": 50265
}

2021-11-02 19:48:01,052 - transformers.modeling_tf_utils - INFO - loading weights file ../Saved_Models/LONG_1024_5e-05_10_3_8_custom_Adam_resample_1234/tf_model.h5
2021-11-02 19:48:01,375 - transformers.models.longformer.modeling_tf_longformer - INFO - Input ids are automatically padded from 5 to 512 to be a multiple of `config.attention_window`: 512
2021-11-02 19:48:04,662 - transformers.models.longformer.modeling_tf_longformer - INFO - Input ids are automatically padded from 5 to 512 to be a multiple of `config.attention_window`: 512
2021-11-02 19:48:05,432 - transformers.modeling_tf_utils - WARNING - All model checkpoint layers were used when initializing TFLongformerForSequenceClassification.

2021-11-02 19:48:05,432 - transformers.modeling_tf_utils - WARNING - All the layers of TFLongformerForSequenceClassification were initialized from the model checkpoint at ../Saved_Models/LONG_1024_5e-05_10_3_8_custom_Adam_resample_1234.
If your task is similar to the task the model of the checkpoint was trained on, you can already use TFLongformerForSequenceClassification for predictions without further training.
2021-11-02 19:48:08,423 - transformers.models.longformer.modeling_tf_longformer - INFO - Initializing global attention on CLS token...
