2021-10-30 13:14:52,933 - transformers.models.auto.tokenization_auto - INFO - Could not locate the tokenizer configuration file, will try to use the model config instead.
2021-10-30 13:14:53,377 - transformers.configuration_utils - INFO - loading configuration file https://huggingface.co/allenai/longformer-base-4096/resolve/main/config.json from cache at /home/s4996755/.cache/huggingface/transformers/0690955d8f70934f95adf0fb108d5f7322d02f8d7dd938b7b133cb7421e120e6.b25f41ff6acdcb7ab47c505c70e351b3fc01957b3798197e5ac6e8efc547ac99
2021-10-30 13:14:53,428 - transformers.configuration_utils - INFO - Model config LongformerConfig {
  "attention_mode": "longformer",
  "attention_probs_dropout_prob": 0.1,
  "attention_window": [
    512,
    512,
    512,
    512,
    512,
    512,
    512,
    512,
    512,
    512,
    512,
    512
  ],
  "bos_token_id": 0,
  "classifier_dropout": null,
  "eos_token_id": 2,
  "gradient_checkpointing": false,
  "hidden_act": "gelu",
  "hidden_dropout_prob": 0.1,
  "hidden_size": 768,
  "ignore_attention_mask": false,
  "initializer_range": 0.02,
  "intermediate_size": 3072,
  "layer_norm_eps": 1e-05,
  "max_position_embeddings": 4098,
  "model_type": "longformer",
  "num_attention_heads": 12,
  "num_hidden_layers": 12,
  "pad_token_id": 1,
  "position_embedding_type": "absolute",
  "sep_token_id": 2,
  "transformers_version": "4.11.3",
  "type_vocab_size": 1,
  "use_cache": true,
  "vocab_size": 50265
}

2021-10-30 13:14:56,767 - transformers.tokenization_utils_base - INFO - loading file https://huggingface.co/allenai/longformer-base-4096/resolve/main/vocab.json from cache at /home/s4996755/.cache/huggingface/transformers/859f4633944e1b7e7fa301e72161388cd5903e36385d0ef2917256506bff64c3.d67d6b367eb24ab43b08ad55e014cf254076934f71d832bbab9ad35644a375ab
2021-10-30 13:14:56,767 - transformers.tokenization_utils_base - INFO - loading file https://huggingface.co/allenai/longformer-base-4096/resolve/main/merges.txt from cache at /home/s4996755/.cache/huggingface/transformers/af6fcabe2bf8cab6f77b20d94ba46a3dbf441ca0549e1f3c852c437b612f5224.5d12962c5ee615a4c803841266e9c3be9a691a924f72d395d3a6c6c81157788b
2021-10-30 13:14:56,767 - transformers.tokenization_utils_base - INFO - loading file https://huggingface.co/allenai/longformer-base-4096/resolve/main/tokenizer.json from cache at /home/s4996755/.cache/huggingface/transformers/93ab433997eab2709f7adf8fa46f21d4699497bf20768f3ffd25e2e73b9b93c2.fc9576039592f026ad76a1c231b89aee8668488c671dfbe6616bab2ed298d730
2021-10-30 13:14:56,767 - transformers.tokenization_utils_base - INFO - loading file https://huggingface.co/allenai/longformer-base-4096/resolve/main/added_tokens.json from cache at None
2021-10-30 13:14:56,768 - transformers.tokenization_utils_base - INFO - loading file https://huggingface.co/allenai/longformer-base-4096/resolve/main/special_tokens_map.json from cache at None
2021-10-30 13:14:56,768 - transformers.tokenization_utils_base - INFO - loading file https://huggingface.co/allenai/longformer-base-4096/resolve/main/tokenizer_config.json from cache at None
2021-10-30 13:14:57,161 - transformers.configuration_utils - INFO - loading configuration file https://huggingface.co/allenai/longformer-base-4096/resolve/main/config.json from cache at /home/s4996755/.cache/huggingface/transformers/0690955d8f70934f95adf0fb108d5f7322d02f8d7dd938b7b133cb7421e120e6.b25f41ff6acdcb7ab47c505c70e351b3fc01957b3798197e5ac6e8efc547ac99
2021-10-30 13:14:57,163 - transformers.configuration_utils - INFO - Model config LongformerConfig {
  "attention_mode": "longformer",
  "attention_probs_dropout_prob": 0.1,
  "attention_window": [
    512,
    512,
    512,
    512,
    512,
    512,
    512,
    512,
    512,
    512,
    512,
    512
  ],
  "bos_token_id": 0,
  "classifier_dropout": null,
  "eos_token_id": 2,
  "gradient_checkpointing": false,
  "hidden_act": "gelu",
  "hidden_dropout_prob": 0.1,
  "hidden_size": 768,
  "ignore_attention_mask": false,
  "initializer_range": 0.02,
  "intermediate_size": 3072,
  "layer_norm_eps": 1e-05,
  "max_position_embeddings": 4098,
  "model_type": "longformer",
  "num_attention_heads": 12,
  "num_hidden_layers": 12,
  "pad_token_id": 1,
  "position_embedding_type": "absolute",
  "sep_token_id": 2,
  "transformers_version": "4.11.3",
  "type_vocab_size": 1,
  "use_cache": true,
  "vocab_size": 50265
}

2021-10-30 13:14:58,097 - transformers.configuration_utils - INFO - loading configuration file https://huggingface.co/allenai/longformer-base-4096/resolve/main/config.json from cache at /home/s4996755/.cache/huggingface/transformers/0690955d8f70934f95adf0fb108d5f7322d02f8d7dd938b7b133cb7421e120e6.b25f41ff6acdcb7ab47c505c70e351b3fc01957b3798197e5ac6e8efc547ac99
2021-10-30 13:14:58,099 - transformers.configuration_utils - INFO - Model config LongformerConfig {
  "attention_mode": "longformer",
  "attention_probs_dropout_prob": 0.1,
  "attention_window": [
    512,
    512,
    512,
    512,
    512,
    512,
    512,
    512,
    512,
    512,
    512,
    512
  ],
  "bos_token_id": 0,
  "classifier_dropout": null,
  "eos_token_id": 2,
  "gradient_checkpointing": false,
  "hidden_act": "gelu",
  "hidden_dropout_prob": 0.1,
  "hidden_size": 768,
  "ignore_attention_mask": false,
  "initializer_range": 0.02,
  "intermediate_size": 3072,
  "layer_norm_eps": 1e-05,
  "max_position_embeddings": 4098,
  "model_type": "longformer",
  "num_attention_heads": 12,
  "num_hidden_layers": 12,
  "pad_token_id": 1,
  "position_embedding_type": "absolute",
  "sep_token_id": 2,
  "transformers_version": "4.11.3",
  "type_vocab_size": 1,
  "use_cache": true,
  "vocab_size": 50265
}

2021-10-30 13:14:59,149 - transformers.modeling_tf_utils - INFO - loading weights file https://huggingface.co/allenai/longformer-base-4096/resolve/main/tf_model.h5 from cache at /home/s4996755/.cache/huggingface/transformers/259797cae83a24562b1600a461be070b7a56b6cdcf3e338d939e1fc966aec7e0.3f9cb4baa9f17a6fa7e4944571718cc348caa8091855b25a8ad60253854c1aa0.h5
2021-10-30 13:14:59,755 - transformers.models.longformer.modeling_tf_longformer - INFO - Input ids are automatically padded from 5 to 512 to be a multiple of `config.attention_window`: 512
2021-10-30 13:15:08,957 - transformers.models.longformer.modeling_tf_longformer - INFO - Input ids are automatically padded from 5 to 512 to be a multiple of `config.attention_window`: 512
2021-10-30 13:15:09,660 - transformers.modeling_tf_utils - WARNING - Some layers from the model checkpoint at allenai/longformer-base-4096 were not used when initializing TFLongformerForSequenceClassification: ['lm_head']
- This IS expected if you are initializing TFLongformerForSequenceClassification from the checkpoint of a model trained on another task or with another architecture (e.g. initializing a BertForSequenceClassification model from a BertForPreTraining model).
- This IS NOT expected if you are initializing TFLongformerForSequenceClassification from the checkpoint of a model that you expect to be exactly identical (initializing a BertForSequenceClassification model from a BertForSequenceClassification model).
2021-10-30 13:15:09,660 - transformers.modeling_tf_utils - WARNING - Some layers of TFLongformerForSequenceClassification were not initialized from the model checkpoint at allenai/longformer-base-4096 and are newly initialized: ['classifier']
You should probably TRAIN this model on a down-stream task to be able to use it for predictions and inference.
2021-10-30 13:16:22,140 - transformers.models.longformer.modeling_tf_longformer - INFO - Initializing global attention on CLS token...
2021-10-30 13:16:49,937 - transformers.models.longformer.modeling_tf_longformer - INFO - Initializing global attention on CLS token...
2021-10-30 13:32:26,744 - transformers.models.longformer.modeling_tf_longformer - INFO - Initializing global attention on CLS token...
2021-10-30 15:43:28,612 - transformers.configuration_utils - INFO - Configuration saved in ../Saved_Models/LONG_1024_3e-05_10_3_8_custom_Adam-trial/config.json
2021-10-30 15:43:32,040 - transformers.modeling_tf_utils - INFO - Model weights saved in ../Saved_Models/LONG_1024_3e-05_10_3_8_custom_Adam-trial/tf_model.h5
2021-10-30 15:45:25,296 - transformers.configuration_utils - INFO - loading configuration file https://huggingface.co/bert-base-uncased/resolve/main/config.json from cache at /home/s4996755/.cache/huggingface/transformers/3c61d016573b14f7f008c02c4e51a366c67ab274726fe2910691e2a761acf43e.37395cee442ab11005bcd270f3c34464dc1704b715b5d7d52b1a461abe3b9e4e
2021-10-30 15:45:25,298 - transformers.configuration_utils - INFO - Model config BertConfig {
  "architectures": [
    "BertForMaskedLM"
  ],
  "attention_probs_dropout_prob": 0.1,
  "classifier_dropout": null,
  "gradient_checkpointing": false,
  "hidden_act": "gelu",
  "hidden_dropout_prob": 0.1,
  "hidden_size": 768,
  "initializer_range": 0.02,
  "intermediate_size": 3072,
  "layer_norm_eps": 1e-12,
  "max_position_embeddings": 512,
  "model_type": "bert",
  "num_attention_heads": 12,
  "num_hidden_layers": 12,
  "pad_token_id": 0,
  "position_embedding_type": "absolute",
  "transformers_version": "4.11.3",
  "type_vocab_size": 2,
  "use_cache": true,
  "vocab_size": 30522
}

2021-10-30 15:45:27,684 - transformers.tokenization_utils_base - INFO - loading file https://huggingface.co/bert-base-uncased/resolve/main/vocab.txt from cache at /home/s4996755/.cache/huggingface/transformers/45c3f7a79a80e1cf0a489e5c62b43f173c15db47864303a55d623bb3c96f72a5.d789d64ebfe299b0e416afc4a169632f903f693095b4629a7ea271d5a0cf2c99
2021-10-30 15:45:27,684 - transformers.tokenization_utils_base - INFO - loading file https://huggingface.co/bert-base-uncased/resolve/main/tokenizer.json from cache at /home/s4996755/.cache/huggingface/transformers/534479488c54aeaf9c3406f647aa2ec13648c06771ffe269edabebd4c412da1d.7f2721073f19841be16f41b0a70b600ca6b880c8f3df6f3535cbc704371bdfa4
2021-10-30 15:45:27,684 - transformers.tokenization_utils_base - INFO - loading file https://huggingface.co/bert-base-uncased/resolve/main/added_tokens.json from cache at None
2021-10-30 15:45:27,684 - transformers.tokenization_utils_base - INFO - loading file https://huggingface.co/bert-base-uncased/resolve/main/special_tokens_map.json from cache at None
2021-10-30 15:45:27,684 - transformers.tokenization_utils_base - INFO - loading file https://huggingface.co/bert-base-uncased/resolve/main/tokenizer_config.json from cache at /home/s4996755/.cache/huggingface/transformers/c1d7f0a763fb63861cc08553866f1fc3e5a6f4f07621be277452d26d71303b7e.20430bd8e10ef77a7d2977accefe796051e01bc2fc4aa146bc862997a1a15e79
2021-10-30 15:45:28,085 - transformers.configuration_utils - INFO - loading configuration file https://huggingface.co/bert-base-uncased/resolve/main/config.json from cache at /home/s4996755/.cache/huggingface/transformers/3c61d016573b14f7f008c02c4e51a366c67ab274726fe2910691e2a761acf43e.37395cee442ab11005bcd270f3c34464dc1704b715b5d7d52b1a461abe3b9e4e
2021-10-30 15:45:28,086 - transformers.configuration_utils - INFO - Model config BertConfig {
  "architectures": [
    "BertForMaskedLM"
  ],
  "attention_probs_dropout_prob": 0.1,
  "classifier_dropout": null,
  "gradient_checkpointing": false,
  "hidden_act": "gelu",
  "hidden_dropout_prob": 0.1,
  "hidden_size": 768,
  "initializer_range": 0.02,
  "intermediate_size": 3072,
  "layer_norm_eps": 1e-12,
  "max_position_embeddings": 512,
  "model_type": "bert",
  "num_attention_heads": 12,
  "num_hidden_layers": 12,
  "pad_token_id": 0,
  "position_embedding_type": "absolute",
  "transformers_version": "4.11.3",
  "type_vocab_size": 2,
  "use_cache": true,
  "vocab_size": 30522
}

2021-10-30 15:45:29,776 - transformers.configuration_utils - INFO - loading configuration file ../Saved_Models/LONG_1024_3e-05_10_3_8_custom_Adam-trial/config.json
2021-10-30 15:45:29,818 - transformers.configuration_utils - INFO - Model config LongformerConfig {
  "_name_or_path": "allenai/longformer-base-4096",
  "architectures": [
    "LongformerForSequenceClassification"
  ],
  "attention_mode": "longformer",
  "attention_probs_dropout_prob": 0.1,
  "attention_window": [
    512,
    512,
    512,
    512,
    512,
    512,
    512,
    512,
    512,
    512,
    512,
    512
  ],
  "bos_token_id": 0,
  "classifier_dropout": null,
  "eos_token_id": 2,
  "gradient_checkpointing": false,
  "hidden_act": "gelu",
  "hidden_dropout_prob": 0.1,
  "hidden_size": 768,
  "ignore_attention_mask": false,
  "initializer_range": 0.02,
  "intermediate_size": 3072,
  "layer_norm_eps": 1e-05,
  "max_position_embeddings": 4098,
  "model_type": "longformer",
  "num_attention_heads": 12,
  "num_hidden_layers": 12,
  "pad_token_id": 1,
  "position_embedding_type": "absolute",
  "sep_token_id": 2,
  "transformers_version": "4.11.3",
  "type_vocab_size": 1,
  "use_cache": true,
  "vocab_size": 50265
}

2021-10-30 15:45:30,304 - transformers.modeling_tf_utils - INFO - loading weights file ../Saved_Models/LONG_1024_3e-05_10_3_8_custom_Adam-trial/tf_model.h5
2021-10-30 15:45:30,533 - transformers.models.longformer.modeling_tf_longformer - INFO - Input ids are automatically padded from 5 to 512 to be a multiple of `config.attention_window`: 512
2021-10-30 15:45:32,905 - transformers.models.longformer.modeling_tf_longformer - INFO - Input ids are automatically padded from 5 to 512 to be a multiple of `config.attention_window`: 512
2021-10-30 15:45:33,611 - transformers.modeling_tf_utils - WARNING - All model checkpoint layers were used when initializing TFLongformerForSequenceClassification.

2021-10-30 15:45:33,611 - transformers.modeling_tf_utils - WARNING - All the layers of TFLongformerForSequenceClassification were initialized from the model checkpoint at ../Saved_Models/LONG_1024_3e-05_10_3_8_custom_Adam-trial.
If your task is similar to the task the model of the checkpoint was trained on, you can already use TFLongformerForSequenceClassification for predictions without further training.
2021-10-30 15:45:35,863 - transformers.models.longformer.modeling_tf_longformer - INFO - Initializing global attention on CLS token...
2021-10-30 16:25:56,667 - transformers.configuration_utils - INFO - loading configuration file https://huggingface.co/bert-base-uncased/resolve/main/config.json from cache at /home/hossain/.cache/huggingface/transformers/3c61d016573b14f7f008c02c4e51a366c67ab274726fe2910691e2a761acf43e.37395cee442ab11005bcd270f3c34464dc1704b715b5d7d52b1a461abe3b9e4e
2021-10-30 16:25:56,669 - transformers.configuration_utils - INFO - Model config BertConfig {
  "architectures": [
    "BertForMaskedLM"
  ],
  "attention_probs_dropout_prob": 0.1,
  "classifier_dropout": null,
  "gradient_checkpointing": false,
  "hidden_act": "gelu",
  "hidden_dropout_prob": 0.1,
  "hidden_size": 768,
  "initializer_range": 0.02,
  "intermediate_size": 3072,
  "layer_norm_eps": 1e-12,
  "max_position_embeddings": 512,
  "model_type": "bert",
  "num_attention_heads": 12,
  "num_hidden_layers": 12,
  "pad_token_id": 0,
  "position_embedding_type": "absolute",
  "transformers_version": "4.11.3",
  "type_vocab_size": 2,
  "use_cache": true,
  "vocab_size": 30522
}

2021-10-30 16:26:01,274 - transformers.tokenization_utils_base - INFO - loading file https://huggingface.co/bert-base-uncased/resolve/main/vocab.txt from cache at /home/hossain/.cache/huggingface/transformers/45c3f7a79a80e1cf0a489e5c62b43f173c15db47864303a55d623bb3c96f72a5.d789d64ebfe299b0e416afc4a169632f903f693095b4629a7ea271d5a0cf2c99
2021-10-30 16:26:01,275 - transformers.tokenization_utils_base - INFO - loading file https://huggingface.co/bert-base-uncased/resolve/main/tokenizer.json from cache at /home/hossain/.cache/huggingface/transformers/534479488c54aeaf9c3406f647aa2ec13648c06771ffe269edabebd4c412da1d.7f2721073f19841be16f41b0a70b600ca6b880c8f3df6f3535cbc704371bdfa4
2021-10-30 16:26:01,276 - transformers.tokenization_utils_base - INFO - loading file https://huggingface.co/bert-base-uncased/resolve/main/added_tokens.json from cache at None
2021-10-30 16:26:01,276 - transformers.tokenization_utils_base - INFO - loading file https://huggingface.co/bert-base-uncased/resolve/main/special_tokens_map.json from cache at None
2021-10-30 16:26:01,276 - transformers.tokenization_utils_base - INFO - loading file https://huggingface.co/bert-base-uncased/resolve/main/tokenizer_config.json from cache at /home/hossain/.cache/huggingface/transformers/c1d7f0a763fb63861cc08553866f1fc3e5a6f4f07621be277452d26d71303b7e.20430bd8e10ef77a7d2977accefe796051e01bc2fc4aa146bc862997a1a15e79
2021-10-30 16:26:02,006 - transformers.configuration_utils - INFO - loading configuration file https://huggingface.co/bert-base-uncased/resolve/main/config.json from cache at /home/hossain/.cache/huggingface/transformers/3c61d016573b14f7f008c02c4e51a366c67ab274726fe2910691e2a761acf43e.37395cee442ab11005bcd270f3c34464dc1704b715b5d7d52b1a461abe3b9e4e
2021-10-30 16:26:02,008 - transformers.configuration_utils - INFO - Model config BertConfig {
  "architectures": [
    "BertForMaskedLM"
  ],
  "attention_probs_dropout_prob": 0.1,
  "classifier_dropout": null,
  "gradient_checkpointing": false,
  "hidden_act": "gelu",
  "hidden_dropout_prob": 0.1,
  "hidden_size": 768,
  "initializer_range": 0.02,
  "intermediate_size": 3072,
  "layer_norm_eps": 1e-12,
  "max_position_embeddings": 512,
  "model_type": "bert",
  "num_attention_heads": 12,
  "num_hidden_layers": 12,
  "pad_token_id": 0,
  "position_embedding_type": "absolute",
  "transformers_version": "4.11.3",
  "type_vocab_size": 2,
  "use_cache": true,
  "vocab_size": 30522
}

2021-10-30 16:26:03,684 - transformers.configuration_utils - ERROR - 404 Client Error: Not Found for url: https://huggingface.co/Saved_Models/LONG_1024_3e-05_10_3_8_custom_Adam-trial/resolve/main/config.json
2021-10-30 16:27:13,363 - transformers.configuration_utils - INFO - loading configuration file https://huggingface.co/bert-base-uncased/resolve/main/config.json from cache at /home/hossain/.cache/huggingface/transformers/3c61d016573b14f7f008c02c4e51a366c67ab274726fe2910691e2a761acf43e.37395cee442ab11005bcd270f3c34464dc1704b715b5d7d52b1a461abe3b9e4e
2021-10-30 16:27:13,363 - transformers.configuration_utils - INFO - Model config BertConfig {
  "architectures": [
    "BertForMaskedLM"
  ],
  "attention_probs_dropout_prob": 0.1,
  "classifier_dropout": null,
  "gradient_checkpointing": false,
  "hidden_act": "gelu",
  "hidden_dropout_prob": 0.1,
  "hidden_size": 768,
  "initializer_range": 0.02,
  "intermediate_size": 3072,
  "layer_norm_eps": 1e-12,
  "max_position_embeddings": 512,
  "model_type": "bert",
  "num_attention_heads": 12,
  "num_hidden_layers": 12,
  "pad_token_id": 0,
  "position_embedding_type": "absolute",
  "transformers_version": "4.11.3",
  "type_vocab_size": 2,
  "use_cache": true,
  "vocab_size": 30522
}

2021-10-30 16:27:17,615 - transformers.tokenization_utils_base - INFO - loading file https://huggingface.co/bert-base-uncased/resolve/main/vocab.txt from cache at /home/hossain/.cache/huggingface/transformers/45c3f7a79a80e1cf0a489e5c62b43f173c15db47864303a55d623bb3c96f72a5.d789d64ebfe299b0e416afc4a169632f903f693095b4629a7ea271d5a0cf2c99
2021-10-30 16:27:17,616 - transformers.tokenization_utils_base - INFO - loading file https://huggingface.co/bert-base-uncased/resolve/main/tokenizer.json from cache at /home/hossain/.cache/huggingface/transformers/534479488c54aeaf9c3406f647aa2ec13648c06771ffe269edabebd4c412da1d.7f2721073f19841be16f41b0a70b600ca6b880c8f3df6f3535cbc704371bdfa4
2021-10-30 16:27:17,616 - transformers.tokenization_utils_base - INFO - loading file https://huggingface.co/bert-base-uncased/resolve/main/added_tokens.json from cache at None
2021-10-30 16:27:17,616 - transformers.tokenization_utils_base - INFO - loading file https://huggingface.co/bert-base-uncased/resolve/main/special_tokens_map.json from cache at None
2021-10-30 16:27:17,616 - transformers.tokenization_utils_base - INFO - loading file https://huggingface.co/bert-base-uncased/resolve/main/tokenizer_config.json from cache at /home/hossain/.cache/huggingface/transformers/c1d7f0a763fb63861cc08553866f1fc3e5a6f4f07621be277452d26d71303b7e.20430bd8e10ef77a7d2977accefe796051e01bc2fc4aa146bc862997a1a15e79
2021-10-30 16:27:18,086 - transformers.configuration_utils - INFO - loading configuration file https://huggingface.co/bert-base-uncased/resolve/main/config.json from cache at /home/hossain/.cache/huggingface/transformers/3c61d016573b14f7f008c02c4e51a366c67ab274726fe2910691e2a761acf43e.37395cee442ab11005bcd270f3c34464dc1704b715b5d7d52b1a461abe3b9e4e
2021-10-30 16:27:18,086 - transformers.configuration_utils - INFO - Model config BertConfig {
  "architectures": [
    "BertForMaskedLM"
  ],
  "attention_probs_dropout_prob": 0.1,
  "classifier_dropout": null,
  "gradient_checkpointing": false,
  "hidden_act": "gelu",
  "hidden_dropout_prob": 0.1,
  "hidden_size": 768,
  "initializer_range": 0.02,
  "intermediate_size": 3072,
  "layer_norm_eps": 1e-12,
  "max_position_embeddings": 512,
  "model_type": "bert",
  "num_attention_heads": 12,
  "num_hidden_layers": 12,
  "pad_token_id": 0,
  "position_embedding_type": "absolute",
  "transformers_version": "4.11.3",
  "type_vocab_size": 2,
  "use_cache": true,
  "vocab_size": 30522
}

2021-10-30 16:27:19,425 - transformers.configuration_utils - INFO - loading configuration file ../Saved_Models/LONG_1024_3e-05_10_3_8_custom_Adam-trial/config.json
2021-10-30 16:27:19,427 - transformers.configuration_utils - INFO - Model config LongformerConfig {
  "_name_or_path": "allenai/longformer-base-4096",
  "architectures": [
    "LongformerForSequenceClassification"
  ],
  "attention_mode": "longformer",
  "attention_probs_dropout_prob": 0.1,
  "attention_window": [
    512,
    512,
    512,
    512,
    512,
    512,
    512,
    512,
    512,
    512,
    512,
    512
  ],
  "bos_token_id": 0,
  "classifier_dropout": null,
  "eos_token_id": 2,
  "gradient_checkpointing": false,
  "hidden_act": "gelu",
  "hidden_dropout_prob": 0.1,
  "hidden_size": 768,
  "ignore_attention_mask": false,
  "initializer_range": 0.02,
  "intermediate_size": 3072,
  "layer_norm_eps": 1e-05,
  "max_position_embeddings": 4098,
  "model_type": "longformer",
  "num_attention_heads": 12,
  "num_hidden_layers": 12,
  "pad_token_id": 1,
  "position_embedding_type": "absolute",
  "sep_token_id": 2,
  "transformers_version": "4.11.3",
  "type_vocab_size": 1,
  "use_cache": true,
  "vocab_size": 50265
}

2021-10-30 16:27:19,436 - transformers.modeling_tf_utils - INFO - loading weights file ../Saved_Models/LONG_1024_3e-05_10_3_8_custom_Adam-trial/tf_model.h5
2021-10-30 16:27:19,529 - transformers.models.longformer.modeling_tf_longformer - INFO - Input ids are automatically padded from 5 to 512 to be a multiple of `config.attention_window`: 512
2021-10-30 16:27:21,168 - transformers.models.longformer.modeling_tf_longformer - INFO - Input ids are automatically padded from 5 to 512 to be a multiple of `config.attention_window`: 512
2021-10-30 16:27:21,715 - transformers.modeling_tf_utils - WARNING - All model checkpoint layers were used when initializing TFLongformerForSequenceClassification.

2021-10-30 16:27:21,715 - transformers.modeling_tf_utils - WARNING - All the layers of TFLongformerForSequenceClassification were initialized from the model checkpoint at ../Saved_Models/LONG_1024_3e-05_10_3_8_custom_Adam-trial.
If your task is similar to the task the model of the checkpoint was trained on, you can already use TFLongformerForSequenceClassification for predictions without further training.
2021-10-30 16:27:22,879 - transformers.models.longformer.modeling_tf_longformer - INFO - Initializing global attention on CLS token...
2021-11-03 00:19:26,291 - transformers.models.auto.tokenization_auto - INFO - Could not locate the tokenizer configuration file, will try to use the model config instead.
2021-11-03 00:19:27,114 - transformers.configuration_utils - INFO - loading configuration file https://huggingface.co/allenai/longformer-base-4096/resolve/main/config.json from cache at /home/hossain/.cache/huggingface/transformers/0690955d8f70934f95adf0fb108d5f7322d02f8d7dd938b7b133cb7421e120e6.b25f41ff6acdcb7ab47c505c70e351b3fc01957b3798197e5ac6e8efc547ac99
2021-11-03 00:19:27,120 - transformers.configuration_utils - INFO - Model config LongformerConfig {
  "attention_mode": "longformer",
  "attention_probs_dropout_prob": 0.1,
  "attention_window": [
    512,
    512,
    512,
    512,
    512,
    512,
    512,
    512,
    512,
    512,
    512,
    512
  ],
  "bos_token_id": 0,
  "classifier_dropout": null,
  "eos_token_id": 2,
  "gradient_checkpointing": false,
  "hidden_act": "gelu",
  "hidden_dropout_prob": 0.1,
  "hidden_size": 768,
  "ignore_attention_mask": false,
  "initializer_range": 0.02,
  "intermediate_size": 3072,
  "layer_norm_eps": 1e-05,
  "max_position_embeddings": 4098,
  "model_type": "longformer",
  "num_attention_heads": 12,
  "num_hidden_layers": 12,
  "pad_token_id": 1,
  "position_embedding_type": "absolute",
  "sep_token_id": 2,
  "transformers_version": "4.11.3",
  "type_vocab_size": 1,
  "use_cache": true,
  "vocab_size": 50265
}

2021-11-03 00:19:32,026 - transformers.tokenization_utils_base - INFO - loading file https://huggingface.co/allenai/longformer-base-4096/resolve/main/vocab.json from cache at /home/hossain/.cache/huggingface/transformers/859f4633944e1b7e7fa301e72161388cd5903e36385d0ef2917256506bff64c3.d67d6b367eb24ab43b08ad55e014cf254076934f71d832bbab9ad35644a375ab
2021-11-03 00:19:32,027 - transformers.tokenization_utils_base - INFO - loading file https://huggingface.co/allenai/longformer-base-4096/resolve/main/merges.txt from cache at /home/hossain/.cache/huggingface/transformers/af6fcabe2bf8cab6f77b20d94ba46a3dbf441ca0549e1f3c852c437b612f5224.5d12962c5ee615a4c803841266e9c3be9a691a924f72d395d3a6c6c81157788b
2021-11-03 00:19:32,028 - transformers.tokenization_utils_base - INFO - loading file https://huggingface.co/allenai/longformer-base-4096/resolve/main/tokenizer.json from cache at /home/hossain/.cache/huggingface/transformers/93ab433997eab2709f7adf8fa46f21d4699497bf20768f3ffd25e2e73b9b93c2.fc9576039592f026ad76a1c231b89aee8668488c671dfbe6616bab2ed298d730
2021-11-03 00:19:32,028 - transformers.tokenization_utils_base - INFO - loading file https://huggingface.co/allenai/longformer-base-4096/resolve/main/added_tokens.json from cache at None
2021-11-03 00:19:32,028 - transformers.tokenization_utils_base - INFO - loading file https://huggingface.co/allenai/longformer-base-4096/resolve/main/special_tokens_map.json from cache at None
2021-11-03 00:19:32,028 - transformers.tokenization_utils_base - INFO - loading file https://huggingface.co/allenai/longformer-base-4096/resolve/main/tokenizer_config.json from cache at None
2021-11-03 00:19:32,846 - transformers.configuration_utils - INFO - loading configuration file https://huggingface.co/allenai/longformer-base-4096/resolve/main/config.json from cache at /home/hossain/.cache/huggingface/transformers/0690955d8f70934f95adf0fb108d5f7322d02f8d7dd938b7b133cb7421e120e6.b25f41ff6acdcb7ab47c505c70e351b3fc01957b3798197e5ac6e8efc547ac99
2021-11-03 00:19:32,849 - transformers.configuration_utils - INFO - Model config LongformerConfig {
  "attention_mode": "longformer",
  "attention_probs_dropout_prob": 0.1,
  "attention_window": [
    512,
    512,
    512,
    512,
    512,
    512,
    512,
    512,
    512,
    512,
    512,
    512
  ],
  "bos_token_id": 0,
  "classifier_dropout": null,
  "eos_token_id": 2,
  "gradient_checkpointing": false,
  "hidden_act": "gelu",
  "hidden_dropout_prob": 0.1,
  "hidden_size": 768,
  "ignore_attention_mask": false,
  "initializer_range": 0.02,
  "intermediate_size": 3072,
  "layer_norm_eps": 1e-05,
  "max_position_embeddings": 4098,
  "model_type": "longformer",
  "num_attention_heads": 12,
  "num_hidden_layers": 12,
  "pad_token_id": 1,
  "position_embedding_type": "absolute",
  "sep_token_id": 2,
  "transformers_version": "4.11.3",
  "type_vocab_size": 1,
  "use_cache": true,
  "vocab_size": 50265
}

2021-11-03 00:19:33,958 - transformers.configuration_utils - INFO - loading configuration file ../Saved_Models/LONG_1024_3e-05_10_3_8_custom_Adam_trial/config.json
2021-11-03 00:19:33,959 - transformers.configuration_utils - INFO - Model config LongformerConfig {
  "_name_or_path": "allenai/longformer-base-4096",
  "architectures": [
    "LongformerForSequenceClassification"
  ],
  "attention_mode": "longformer",
  "attention_probs_dropout_prob": 0.1,
  "attention_window": [
    512,
    512,
    512,
    512,
    512,
    512,
    512,
    512,
    512,
    512,
    512,
    512
  ],
  "bos_token_id": 0,
  "classifier_dropout": null,
  "eos_token_id": 2,
  "gradient_checkpointing": false,
  "hidden_act": "gelu",
  "hidden_dropout_prob": 0.1,
  "hidden_size": 768,
  "ignore_attention_mask": false,
  "initializer_range": 0.02,
  "intermediate_size": 3072,
  "layer_norm_eps": 1e-05,
  "max_position_embeddings": 4098,
  "model_type": "longformer",
  "num_attention_heads": 12,
  "num_hidden_layers": 12,
  "pad_token_id": 1,
  "position_embedding_type": "absolute",
  "sep_token_id": 2,
  "transformers_version": "4.11.3",
  "type_vocab_size": 1,
  "use_cache": true,
  "vocab_size": 50265
}

2021-11-03 00:19:34,020 - transformers.modeling_tf_utils - INFO - loading weights file ../Saved_Models/LONG_1024_3e-05_10_3_8_custom_Adam_trial/tf_model.h5
2021-11-03 00:19:34,115 - transformers.models.longformer.modeling_tf_longformer - INFO - Input ids are automatically padded from 5 to 512 to be a multiple of `config.attention_window`: 512
2021-11-03 00:19:36,115 - transformers.models.longformer.modeling_tf_longformer - INFO - Input ids are automatically padded from 5 to 512 to be a multiple of `config.attention_window`: 512
2021-11-03 00:19:36,662 - transformers.modeling_tf_utils - WARNING - All model checkpoint layers were used when initializing TFLongformerForSequenceClassification.

2021-11-03 00:19:36,662 - transformers.modeling_tf_utils - WARNING - All the layers of TFLongformerForSequenceClassification were initialized from the model checkpoint at ../Saved_Models/LONG_1024_3e-05_10_3_8_custom_Adam_trial.
If your task is similar to the task the model of the checkpoint was trained on, you can already use TFLongformerForSequenceClassification for predictions without further training.
2021-11-03 00:19:37,777 - transformers.models.longformer.modeling_tf_longformer - INFO - Initializing global attention on CLS token...
