2021-10-29 23:22:22,647 - transformers.models.auto.tokenization_auto - INFO - Could not locate the tokenizer configuration file, will try to use the model config instead.
2021-10-29 23:22:23,057 - transformers.configuration_utils - INFO - loading configuration file https://huggingface.co/xlnet-base-cased/resolve/main/config.json from cache at /home/s4996755/.cache/huggingface/transformers/06bdb0f5882dbb833618c81c3b4c996a0c79422fa2c95ffea3827f92fc2dba6b.da982e2e596ec73828dbae86525a1870e513bd63aae5a2dc773ccc840ac5c346
2021-10-29 23:22:23,093 - transformers.configuration_utils - INFO - Model config XLNetConfig {
  "architectures": [
    "XLNetLMHeadModel"
  ],
  "attn_type": "bi",
  "bi_data": false,
  "bos_token_id": 1,
  "clamp_len": -1,
  "d_head": 64,
  "d_inner": 3072,
  "d_model": 768,
  "dropout": 0.1,
  "end_n_top": 5,
  "eos_token_id": 2,
  "ff_activation": "gelu",
  "initializer_range": 0.02,
  "layer_norm_eps": 1e-12,
  "mem_len": null,
  "model_type": "xlnet",
  "n_head": 12,
  "n_layer": 12,
  "pad_token_id": 5,
  "reuse_len": null,
  "same_length": false,
  "start_n_top": 5,
  "summary_activation": "tanh",
  "summary_last_dropout": 0.1,
  "summary_type": "last",
  "summary_use_proj": true,
  "task_specific_params": {
    "text-generation": {
      "do_sample": true,
      "max_length": 250
    }
  },
  "transformers_version": "4.11.3",
  "untie_r": true,
  "use_mems_eval": true,
  "use_mems_train": false,
  "vocab_size": 32000
}

2021-10-29 23:22:25,511 - transformers.tokenization_utils_base - INFO - loading file https://huggingface.co/xlnet-base-cased/resolve/main/spiece.model from cache at /home/s4996755/.cache/huggingface/transformers/df73bc9f8d13bf2ea4dab95624895e45a550a0f0a825e41fc25440bf367ee3c8.d93497120e3a865e2970f26abdf7bf375896f97fde8b874b70909592a6c785c9
2021-10-29 23:22:25,511 - transformers.tokenization_utils_base - INFO - loading file https://huggingface.co/xlnet-base-cased/resolve/main/tokenizer.json from cache at /home/s4996755/.cache/huggingface/transformers/46f47734f3dcaef7e236b9a3e887f27814e18836a8db7e6a49148000058a1a54.2a683f915238b4f560dab0c724066cf0a7de9a851e96b0fb3a1e7f0881552f53
2021-10-29 23:22:25,512 - transformers.tokenization_utils_base - INFO - loading file https://huggingface.co/xlnet-base-cased/resolve/main/added_tokens.json from cache at None
2021-10-29 23:22:25,512 - transformers.tokenization_utils_base - INFO - loading file https://huggingface.co/xlnet-base-cased/resolve/main/special_tokens_map.json from cache at None
2021-10-29 23:22:25,512 - transformers.tokenization_utils_base - INFO - loading file https://huggingface.co/xlnet-base-cased/resolve/main/tokenizer_config.json from cache at None
2021-10-29 23:22:25,900 - transformers.configuration_utils - INFO - loading configuration file https://huggingface.co/xlnet-base-cased/resolve/main/config.json from cache at /home/s4996755/.cache/huggingface/transformers/06bdb0f5882dbb833618c81c3b4c996a0c79422fa2c95ffea3827f92fc2dba6b.da982e2e596ec73828dbae86525a1870e513bd63aae5a2dc773ccc840ac5c346
2021-10-29 23:22:25,902 - transformers.configuration_utils - INFO - Model config XLNetConfig {
  "architectures": [
    "XLNetLMHeadModel"
  ],
  "attn_type": "bi",
  "bi_data": false,
  "bos_token_id": 1,
  "clamp_len": -1,
  "d_head": 64,
  "d_inner": 3072,
  "d_model": 768,
  "dropout": 0.1,
  "end_n_top": 5,
  "eos_token_id": 2,
  "ff_activation": "gelu",
  "initializer_range": 0.02,
  "layer_norm_eps": 1e-12,
  "mem_len": null,
  "model_type": "xlnet",
  "n_head": 12,
  "n_layer": 12,
  "pad_token_id": 5,
  "reuse_len": null,
  "same_length": false,
  "start_n_top": 5,
  "summary_activation": "tanh",
  "summary_last_dropout": 0.1,
  "summary_type": "last",
  "summary_use_proj": true,
  "task_specific_params": {
    "text-generation": {
      "do_sample": true,
      "max_length": 250
    }
  },
  "transformers_version": "4.11.3",
  "untie_r": true,
  "use_mems_eval": true,
  "use_mems_train": false,
  "vocab_size": 32000
}

2021-10-29 23:22:26,420 - transformers.configuration_utils - INFO - loading configuration file https://huggingface.co/xlnet-base-cased/resolve/main/config.json from cache at /home/s4996755/.cache/huggingface/transformers/06bdb0f5882dbb833618c81c3b4c996a0c79422fa2c95ffea3827f92fc2dba6b.da982e2e596ec73828dbae86525a1870e513bd63aae5a2dc773ccc840ac5c346
2021-10-29 23:22:26,423 - transformers.configuration_utils - INFO - Model config XLNetConfig {
  "architectures": [
    "XLNetLMHeadModel"
  ],
  "attn_type": "bi",
  "bi_data": false,
  "bos_token_id": 1,
  "clamp_len": -1,
  "d_head": 64,
  "d_inner": 3072,
  "d_model": 768,
  "dropout": 0.1,
  "end_n_top": 5,
  "eos_token_id": 2,
  "ff_activation": "gelu",
  "initializer_range": 0.02,
  "layer_norm_eps": 1e-12,
  "mem_len": null,
  "model_type": "xlnet",
  "n_head": 12,
  "n_layer": 12,
  "pad_token_id": 5,
  "reuse_len": null,
  "same_length": false,
  "start_n_top": 5,
  "summary_activation": "tanh",
  "summary_last_dropout": 0.1,
  "summary_type": "last",
  "summary_use_proj": true,
  "task_specific_params": {
    "text-generation": {
      "do_sample": true,
      "max_length": 250
    }
  },
  "transformers_version": "4.11.3",
  "untie_r": true,
  "use_mems_eval": true,
  "use_mems_train": false,
  "vocab_size": 32000
}

2021-10-29 23:22:27,293 - transformers.modeling_tf_utils - INFO - loading weights file https://huggingface.co/xlnet-base-cased/resolve/main/tf_model.h5 from cache at /home/s4996755/.cache/huggingface/transformers/48c817fb99021d9dba8862b6cbd5bc1487de264f8f0269b081cc225f279cdecc.ab7772817fe449c4e2bec364052beb82b38e799e66265a75603a89ad983170b5.h5
2021-10-29 23:22:35,030 - transformers.modeling_tf_utils - WARNING - Some layers from the model checkpoint at xlnet-base-cased were not used when initializing TFXLNetForSequenceClassification: ['lm_loss']
- This IS expected if you are initializing TFXLNetForSequenceClassification from the checkpoint of a model trained on another task or with another architecture (e.g. initializing a BertForSequenceClassification model from a BertForPreTraining model).
- This IS NOT expected if you are initializing TFXLNetForSequenceClassification from the checkpoint of a model that you expect to be exactly identical (initializing a BertForSequenceClassification model from a BertForSequenceClassification model).
2021-10-29 23:22:35,030 - transformers.modeling_tf_utils - WARNING - Some layers of TFXLNetForSequenceClassification were not initialized from the model checkpoint at xlnet-base-cased and are newly initialized: ['sequence_summary', 'logits_proj']
You should probably TRAIN this model on a down-stream task to be able to use it for predictions and inference.
2021-10-29 23:23:35,355 - transformers.configuration_utils - INFO - loading configuration file https://huggingface.co/bert-base-uncased/resolve/main/config.json from cache at /home/s4996755/.cache/huggingface/transformers/3c61d016573b14f7f008c02c4e51a366c67ab274726fe2910691e2a761acf43e.37395cee442ab11005bcd270f3c34464dc1704b715b5d7d52b1a461abe3b9e4e
2021-10-29 23:23:35,357 - transformers.configuration_utils - INFO - Model config BertConfig {
  "architectures": [
    "BertForMaskedLM"
  ],
  "attention_probs_dropout_prob": 0.1,
  "classifier_dropout": null,
  "gradient_checkpointing": false,
  "hidden_act": "gelu",
  "hidden_dropout_prob": 0.1,
  "hidden_size": 768,
  "initializer_range": 0.02,
  "intermediate_size": 3072,
  "layer_norm_eps": 1e-12,
  "max_position_embeddings": 512,
  "model_type": "bert",
  "num_attention_heads": 12,
  "num_hidden_layers": 12,
  "pad_token_id": 0,
  "position_embedding_type": "absolute",
  "transformers_version": "4.11.3",
  "type_vocab_size": 2,
  "use_cache": true,
  "vocab_size": 30522
}

2021-10-29 23:23:37,690 - transformers.tokenization_utils_base - INFO - loading file https://huggingface.co/bert-base-uncased/resolve/main/vocab.txt from cache at /home/s4996755/.cache/huggingface/transformers/45c3f7a79a80e1cf0a489e5c62b43f173c15db47864303a55d623bb3c96f72a5.d789d64ebfe299b0e416afc4a169632f903f693095b4629a7ea271d5a0cf2c99
2021-10-29 23:23:37,690 - transformers.tokenization_utils_base - INFO - loading file https://huggingface.co/bert-base-uncased/resolve/main/tokenizer.json from cache at /home/s4996755/.cache/huggingface/transformers/534479488c54aeaf9c3406f647aa2ec13648c06771ffe269edabebd4c412da1d.7f2721073f19841be16f41b0a70b600ca6b880c8f3df6f3535cbc704371bdfa4
2021-10-29 23:23:37,691 - transformers.tokenization_utils_base - INFO - loading file https://huggingface.co/bert-base-uncased/resolve/main/added_tokens.json from cache at None
2021-10-29 23:23:37,691 - transformers.tokenization_utils_base - INFO - loading file https://huggingface.co/bert-base-uncased/resolve/main/special_tokens_map.json from cache at None
2021-10-29 23:23:37,691 - transformers.tokenization_utils_base - INFO - loading file https://huggingface.co/bert-base-uncased/resolve/main/tokenizer_config.json from cache at /home/s4996755/.cache/huggingface/transformers/c1d7f0a763fb63861cc08553866f1fc3e5a6f4f07621be277452d26d71303b7e.20430bd8e10ef77a7d2977accefe796051e01bc2fc4aa146bc862997a1a15e79
2021-10-29 23:23:38,079 - transformers.configuration_utils - INFO - loading configuration file https://huggingface.co/bert-base-uncased/resolve/main/config.json from cache at /home/s4996755/.cache/huggingface/transformers/3c61d016573b14f7f008c02c4e51a366c67ab274726fe2910691e2a761acf43e.37395cee442ab11005bcd270f3c34464dc1704b715b5d7d52b1a461abe3b9e4e
2021-10-29 23:23:38,081 - transformers.configuration_utils - INFO - Model config BertConfig {
  "architectures": [
    "BertForMaskedLM"
  ],
  "attention_probs_dropout_prob": 0.1,
  "classifier_dropout": null,
  "gradient_checkpointing": false,
  "hidden_act": "gelu",
  "hidden_dropout_prob": 0.1,
  "hidden_size": 768,
  "initializer_range": 0.02,
  "intermediate_size": 3072,
  "layer_norm_eps": 1e-12,
  "max_position_embeddings": 512,
  "model_type": "bert",
  "num_attention_heads": 12,
  "num_hidden_layers": 12,
  "pad_token_id": 0,
  "position_embedding_type": "absolute",
  "transformers_version": "4.11.3",
  "type_vocab_size": 2,
  "use_cache": true,
  "vocab_size": 30522
}

2021-10-29 23:23:39,932 - transformers.configuration_utils - ERROR - 404 Client Error: Not Found for url: https://huggingface.co/Saved_Models/XLNet_512_5e-05_10_3_8_custom_Adam/resolve/main/config.json
