2021-11-04 17:07:52,109 - transformers - INFO - Accuracy on own test set: 0.489
2021-11-04 17:07:52,146 - transformers - INFO -               precision    recall  f1-score   support

           0       0.73      0.43      0.54      1199
           1       0.32      0.62      0.42       509

    accuracy                           0.49      1708
   macro avg       0.52      0.53      0.48      1708
weighted avg       0.61      0.49      0.51      1708

2021-11-04 18:08:34,237 - transformers - INFO - accuracy: 94.56%
2021-11-04 18:22:56,872 - transformers - INFO - Accuracy on own test set: 0.946
2021-11-04 18:22:56,890 - transformers - INFO -               precision    recall  f1-score   support

           0       0.86      0.98      0.91       509
           1       0.99      0.93      0.96      1199

    accuracy                           0.95      1708
   macro avg       0.92      0.95      0.94      1708
weighted avg       0.95      0.95      0.95      1708

2021-11-04 19:17:59,497 - transformers - INFO - Accuracy on own test set: 0.946
2021-11-04 19:17:59,529 - transformers - INFO -               precision    recall  f1-score   support

           0       0.86      0.98      0.91       509
           1       0.99      0.93      0.96      1199

    accuracy                           0.95      1708
   macro avg       0.92      0.95      0.94      1708
weighted avg       0.95      0.95      0.95      1708

